[2021-03-17 11:54:17] local.DEBUG: L  
[2021-03-17 11:54:17] local.DEBUG: L  
[2021-03-17 11:54:17] local.DEBUG: L  
[2021-03-17 11:54:17] local.DEBUG: L  
[2021-03-17 11:54:17] local.DEBUG: L  
[2021-03-17 11:54:17] local.DEBUG: L  
[2021-03-17 11:54:17] local.DEBUG: L  
[2021-03-17 11:54:17] local.DEBUG: L  
[2021-03-17 11:54:17] local.DEBUG: L  
[2021-03-17 11:54:17] local.DEBUG: L  
[2021-03-18 11:59:26] local.ERROR: Array and string offset access syntax with curly braces is deprecated {"userId":1,"email":"cavajr@bol.com.br","exception":"[object] (ErrorException(code: 0): Array and string offset access syntax with curly braces is deprecated at D:\\Software\\quallityassessoria\\quallityassessoria-api\\vendor\\phpoffice\\phpexcel\\Classes\\PHPExcel\\Shared\\String.php:526)
[stacktrace]
#0 D:\\Software\\quallityassessoria\\quallityassessoria-api\\vendor\\phpoffice\\phpexcel\\Classes\\PHPExcel\\Autoloader.php(79): Illuminate\\Foundation\\Bootstrap\\HandleExceptions->handleError(8192, 'Array and strin...', 'D:\\\\Software\\\\qua...', 526, Array)
#1 D:\\Software\\quallityassessoria\\quallityassessoria-api\\vendor\\phpoffice\\phpexcel\\Classes\\PHPExcel\\Autoloader.php(79): require()
#2 [internal function]: PHPExcel_Autoloader::load('PHPExcel_Shared...')
#3 D:\\Software\\quallityassessoria\\quallityassessoria-api\\vendor\\phpoffice\\phpexcel\\Classes\\PHPExcel\\Autoloader.php(11): spl_autoload_call('PHPExcel_Shared...')
#4 D:\\Software\\quallityassessoria\\quallityassessoria-api\\vendor\\phpoffice\\phpexcel\\Classes\\PHPExcel\\Settings.php(9): require('D:\\\\Software\\\\qua...')
#5 D:\\Software\\quallityassessoria\\quallityassessoria-api\\vendor\\composer\\ClassLoader.php(478): include('D:\\\\Software\\\\qua...')
#6 D:\\Software\\quallityassessoria\\quallityassessoria-api\\vendor\\composer\\ClassLoader.php(346): Composer\\Autoload\\includeFile('D:\\\\Software\\\\qua...')
#7 [internal function]: Composer\\Autoload\\ClassLoader->loadClass('PHPExcel_Settin...')
#8 D:\\Software\\quallityassessoria\\quallityassessoria-api\\vendor\\maatwebsite\\excel\\src\\Maatwebsite\\Excel\\ExcelServiceProvider.php(240): spl_autoload_call('PHPExcel_Settin...')
#9 D:\\Software\\quallityassessoria\\quallityassessoria-api\\vendor\\maatwebsite\\excel\\src\\Maatwebsite\\Excel\\ExcelServiceProvider.php(103): Maatwebsite\\Excel\\ExcelServiceProvider->setLocale()
#10 D:\\Software\\quallityassessoria\\quallityassessoria-api\\vendor\\laravel\\framework\\src\\Illuminate\\Container\\Container.php(749): Maatwebsite\\Excel\\ExcelServiceProvider->Maatwebsite\\Excel\\{closure}(Object(Illuminate\\Foundation\\Application), Array)
#11 D:\\Software\\quallityassessoria\\quallityassessoria-api\\vendor\\laravel\\framework\\src\\Illuminate\\Container\\Container.php(631): Illuminate\\Container\\Container->build(Object(Closure))
#12 D:\\Software\\quallityassessoria\\quallityassessoria-api\\vendor\\laravel\\framework\\src\\Illuminate\\Container\\Container.php(586): Illuminate\\Container\\Container->resolve('phpexcel', Array)
#13 D:\\Software\\quallityassessoria\\quallityassessoria-api\\vendor\\laravel\\framework\\src\\Illuminate\\Foundation\\Application.php(732): Illuminate\\Container\\Container->make('phpexcel', Array)
#14 D:\\Software\\quallityassessoria\\quallityassessoria-api\\vendor\\laravel\\framework\\src\\Illuminate\\Container\\Container.php(1195): Illuminate\\Foundation\\Application->make('phpexcel')
#15 D:\\Software\\quallityassessoria\\quallityassessoria-api\\vendor\\maatwebsite\\excel\\src\\Maatwebsite\\Excel\\ExcelServiceProvider.php(198): Illuminate\\Container\\Container->offsetGet('phpexcel')
#16 D:\\Software\\quallityassessoria\\quallityassessoria-api\\vendor\\laravel\\framework\\src\\Illuminate\\Container\\Container.php(749): Maatwebsite\\Excel\\ExcelServiceProvider->Maatwebsite\\Excel\\{closure}(Object(Illuminate\\Foundation\\Application), Array)
#17 D:\\Software\\quallityassessoria\\quallityassessoria-api\\vendor\\laravel\\framework\\src\\Illuminate\\Container\\Container.php(631): Illuminate\\Container\\Container->build(Object(Closure))
#18 D:\\Software\\quallityassessoria\\quallityassessoria-api\\vendor\\laravel\\framework\\src\\Illuminate\\Container\\Container.php(586): Illuminate\\Container\\Container->resolve('excel', Array)
#19 D:\\Software\\quallityassessoria\\quallityassessoria-api\\vendor\\laravel\\framework\\src\\Illuminate\\Foundation\\Application.php(732): Illuminate\\Container\\Container->make('excel', Array)
#20 D:\\Software\\quallityassessoria\\quallityassessoria-api\\vendor\\laravel\\framework\\src\\Illuminate\\Container\\Container.php(1195): Illuminate\\Foundation\\Application->make('excel')
#21 D:\\Software\\quallityassessoria\\quallityassessoria-api\\vendor\\laravel\\framework\\src\\Illuminate\\Support\\Facades\\Facade.php(159): Illuminate\\Container\\Container->offsetGet('excel')
#22 D:\\Software\\quallityassessoria\\quallityassessoria-api\\vendor\\laravel\\framework\\src\\Illuminate\\Support\\Facades\\Facade.php(128): Illuminate\\Support\\Facades\\Facade::resolveFacadeInstance('excel')
#23 D:\\Software\\quallityassessoria\\quallityassessoria-api\\vendor\\laravel\\framework\\src\\Illuminate\\Support\\Facades\\Facade.php(215): Illuminate\\Support\\Facades\\Facade::getFacadeRoot()
#24 D:\\Software\\quallityassessoria\\quallityassessoria-api\\app\\Http\\Controllers\\Api\\ComissaoController.php(882): Illuminate\\Support\\Facades\\Facade::__callStatic('load', Array)
#25 [internal function]: App\\Http\\Controllers\\Api\\ComissaoController->importaAD(Object(Illuminate\\Http\\Request))
#26 D:\\Software\\quallityassessoria\\quallityassessoria-api\\vendor\\laravel\\framework\\src\\Illuminate\\Routing\\Controller.php(54): call_user_func_array(Array, Array)
#27 D:\\Software\\quallityassessoria\\quallityassessoria-api\\vendor\\laravel\\framework\\src\\Illuminate\\Routing\\ControllerDispatcher.php(45): Illuminate\\Routing\\Controller->callAction('importaAD', Array)
#28 D:\\Software\\quallityassessoria\\quallityassessoria-api\\vendor\\laravel\\framework\\src\\Illuminate\\Routing\\Route.php(212): Illuminate\\Routing\\ControllerDispatcher->dispatch(Object(Illuminate\\Routing\\Route), Object(App\\Http\\Controllers\\Api\\ComissaoController), 'importaAD')
#29 D:\\Software\\quallityassessoria\\quallityassessoria-api\\vendor\\laravel\\framework\\src\\Illuminate\\Routing\\Route.php(169): Illuminate\\Routing\\Route->runController()
#30 D:\\Software\\quallityassessoria\\quallityassessoria-api\\vendor\\laravel\\framework\\src\\Illuminate\\Routing\\Router.php(658): Illuminate\\Routing\\Route->run()
#31 D:\\Software\\quallityassessoria\\quallityassessoria-api\\vendor\\laravel\\framework\\src\\Illuminate\\Routing\\Pipeline.php(30): Illuminate\\Routing\\Router->Illuminate\\Routing\\{closure}(Object(Illuminate\\Http\\Request))
#32 D:\\Software\\quallityassessoria\\quallityassessoria-api\\vendor\\tymon\\jwt-auth\\src\\Middleware\\GetUserFromToken.php(46): Illuminate\\Routing\\Pipeline->Illuminate\\Routing\\{closure}(Object(Illuminate\\Http\\Request))
#33 D:\\Software\\quallityassessoria\\quallityassessoria-api\\vendor\\laravel\\framework\\src\\Illuminate\\Pipeline\\Pipeline.php(149): Tymon\\JWTAuth\\Middleware\\GetUserFromToken->handle(Object(Illuminate\\Http\\Request), Object(Closure))
#34 D:\\Software\\quallityassessoria\\quallityassessoria-api\\vendor\\laravel\\framework\\src\\Illuminate\\Routing\\Pipeline.php(53): Illuminate\\Pipeline\\Pipeline->Illuminate\\Pipeline\\{closure}(Object(Illuminate\\Http\\Request))
#35 D:\\Software\\quallityassessoria\\quallityassessoria-api\\vendor\\barryvdh\\laravel-cors\\src\\HandleCors.php(59): Illuminate\\Routing\\Pipeline->Illuminate\\Routing\\{closure}(Object(Illuminate\\Http\\Request))
#36 D:\\Software\\quallityassessoria\\quallityassessoria-api\\vendor\\laravel\\framework\\src\\Illuminate\\Pipeline\\Pipeline.php(149): Barryvdh\\Cors\\HandleCors->handle(Object(Illuminate\\Http\\Request), Object(Closure))
#37 D:\\Software\\quallityassessoria\\quallityassessoria-api\\vendor\\laravel\\framework\\src\\Illuminate\\Routing\\Pipeline.php(53): Illuminate\\Pipeline\\Pipeline->Illuminate\\Pipeline\\{closure}(Object(Illuminate\\Http\\Request))
#38 D:\\Software\\quallityassessoria\\quallityassessoria-api\\vendor\\laravel\\framework\\src\\Illuminate\\Routing\\Middleware\\SubstituteBindings.php(41): Illuminate\\Routing\\Pipeline->Illuminate\\Routing\\{closure}(Object(Illuminate\\Http\\Request))
#39 D:\\Software\\quallityassessoria\\quallityassessoria-api\\vendor\\laravel\\framework\\src\\Illuminate\\Pipeline\\Pipeline.php(149): Illuminate\\Routing\\Middleware\\SubstituteBindings->handle(Object(Illuminate\\Http\\Request), Object(Closure))
#40 D:\\Software\\quallityassessoria\\quallityassessoria-api\\vendor\\laravel\\framework\\src\\Illuminate\\Routing\\Pipeline.php(53): Illuminate\\Pipeline\\Pipeline->Illuminate\\Pipeline\\{closure}(Object(Illuminate\\Http\\Request))
#41 D:\\Software\\quallityassessoria\\quallityassessoria-api\\vendor\\laravel\\framework\\src\\Illuminate\\Routing\\Middleware\\ThrottleRequests.php(57): Illuminate\\Routing\\Pipeline->Illuminate\\Routing\\{closure}(Object(Illuminate\\Http\\Request))
#42 D:\\Software\\quallityassessoria\\quallityassessoria-api\\vendor\\laravel\\framework\\src\\Illuminate\\Pipeline\\Pipeline.php(149): Illuminate\\Routing\\Middleware\\ThrottleRequests->handle(Object(Illuminate\\Http\\Request), Object(Closure), 60, '1')
#43 D:\\Software\\quallityassessoria\\quallityassessoria-api\\vendor\\laravel\\framework\\src\\Illuminate\\Routing\\Pipeline.php(53): Illuminate\\Pipeline\\Pipeline->Illuminate\\Pipeline\\{closure}(Object(Illuminate\\Http\\Request))
#44 D:\\Software\\quallityassessoria\\quallityassessoria-api\\vendor\\laravel\\framework\\src\\Illuminate\\Pipeline\\Pipeline.php(102): Illuminate\\Routing\\Pipeline->Illuminate\\Routing\\{closure}(Object(Illuminate\\Http\\Request))
#45 D:\\Software\\quallityassessoria\\quallityassessoria-api\\vendor\\laravel\\framework\\src\\Illuminate\\Routing\\Router.php(660): Illuminate\\Pipeline\\Pipeline->then(Object(Closure))
#46 D:\\Software\\quallityassessoria\\quallityassessoria-api\\vendor\\laravel\\framework\\src\\Illuminate\\Routing\\Router.php(635): Illuminate\\Routing\\Router->runRouteWithinStack(Object(Illuminate\\Routing\\Route), Object(Illuminate\\Http\\Request))
#47 D:\\Software\\quallityassessoria\\quallityassessoria-api\\vendor\\laravel\\framework\\src\\Illuminate\\Routing\\Router.php(601): Illuminate\\Routing\\Router->runRoute(Object(Illuminate\\Http\\Request), Object(Illuminate\\Routing\\Route))
#48 D:\\Software\\quallityassessoria\\quallityassessoria-api\\vendor\\laravel\\framework\\src\\Illuminate\\Routing\\Router.php(590): Illuminate\\Routing\\Router->dispatchToRoute(Object(Illuminate\\Http\\Request))
#49 D:\\Software\\quallityassessoria\\quallityassessoria-api\\vendor\\laravel\\framework\\src\\Illuminate\\Foundation\\Http\\Kernel.php(176): Illuminate\\Routing\\Router->dispatch(Object(Illuminate\\Http\\Request))
#50 D:\\Software\\quallityassessoria\\quallityassessoria-api\\vendor\\laravel\\framework\\src\\Illuminate\\Routing\\Pipeline.php(30): Illuminate\\Foundation\\Http\\Kernel->Illuminate\\Foundation\\Http\\{closure}(Object(Illuminate\\Http\\Request))
#51 D:\\Software\\quallityassessoria\\quallityassessoria-api\\vendor\\barryvdh\\laravel-cors\\src\\HandleCors.php(59): Illuminate\\Routing\\Pipeline->Illuminate\\Routing\\{closure}(Object(Illuminate\\Http\\Request))
#52 D:\\Software\\quallityassessoria\\quallityassessoria-api\\vendor\\laravel\\framework\\src\\Illuminate\\Pipeline\\Pipeline.php(149): Barryvdh\\Cors\\HandleCors->handle(Object(Illuminate\\Http\\Request), Object(Closure))
#53 D:\\Software\\quallityassessoria\\quallityassessoria-api\\vendor\\laravel\\framework\\src\\Illuminate\\Routing\\Pipeline.php(53): Illuminate\\Pipeline\\Pipeline->Illuminate\\Pipeline\\{closure}(Object(Illuminate\\Http\\Request))
#54 D:\\Software\\quallityassessoria\\quallityassessoria-api\\vendor\\fideloper\\proxy\\src\\TrustProxies.php(56): Illuminate\\Routing\\Pipeline->Illuminate\\Routing\\{closure}(Object(Illuminate\\Http\\Request))
#55 D:\\Software\\quallityassessoria\\quallityassessoria-api\\vendor\\laravel\\framework\\src\\Illuminate\\Pipeline\\Pipeline.php(149): Fideloper\\Proxy\\TrustProxies->handle(Object(Illuminate\\Http\\Request), Object(Closure))
#56 D:\\Software\\quallityassessoria\\quallityassessoria-api\\vendor\\laravel\\framework\\src\\Illuminate\\Routing\\Pipeline.php(53): Illuminate\\Pipeline\\Pipeline->Illuminate\\Pipeline\\{closure}(Object(Illuminate\\Http\\Request))
#57 D:\\Software\\quallityassessoria\\quallityassessoria-api\\vendor\\laravel\\framework\\src\\Illuminate\\Foundation\\Http\\Middleware\\TransformsRequest.php(30): Illuminate\\Routing\\Pipeline->Illuminate\\Routing\\{closure}(Object(Illuminate\\Http\\Request))
#58 D:\\Software\\quallityassessoria\\quallityassessoria-api\\vendor\\laravel\\framework\\src\\Illuminate\\Pipeline\\Pipeline.php(149): Illuminate\\Foundation\\Http\\Middleware\\TransformsRequest->handle(Object(Illuminate\\Http\\Request), Object(Closure))
#59 D:\\Software\\quallityassessoria\\quallityassessoria-api\\vendor\\laravel\\framework\\src\\Illuminate\\Routing\\Pipeline.php(53): Illuminate\\Pipeline\\Pipeline->Illuminate\\Pipeline\\{closure}(Object(Illuminate\\Http\\Request))
#60 D:\\Software\\quallityassessoria\\quallityassessoria-api\\vendor\\laravel\\framework\\src\\Illuminate\\Foundation\\Http\\Middleware\\TransformsRequest.php(30): Illuminate\\Routing\\Pipeline->Illuminate\\Routing\\{closure}(Object(Illuminate\\Http\\Request))
#61 D:\\Software\\quallityassessoria\\quallityassessoria-api\\vendor\\laravel\\framework\\src\\Illuminate\\Pipeline\\Pipeline.php(149): Illuminate\\Foundation\\Http\\Middleware\\TransformsRequest->handle(Object(Illuminate\\Http\\Request), Object(Closure))
#62 D:\\Software\\quallityassessoria\\quallityassessoria-api\\vendor\\laravel\\framework\\src\\Illuminate\\Routing\\Pipeline.php(53): Illuminate\\Pipeline\\Pipeline->Illuminate\\Pipeline\\{closure}(Object(Illuminate\\Http\\Request))
#63 D:\\Software\\quallityassessoria\\quallityassessoria-api\\vendor\\laravel\\framework\\src\\Illuminate\\Foundation\\Http\\Middleware\\ValidatePostSize.php(27): Illuminate\\Routing\\Pipeline->Illuminate\\Routing\\{closure}(Object(Illuminate\\Http\\Request))
#64 D:\\Software\\quallityassessoria\\quallityassessoria-api\\vendor\\laravel\\framework\\src\\Illuminate\\Pipeline\\Pipeline.php(149): Illuminate\\Foundation\\Http\\Middleware\\ValidatePostSize->handle(Object(Illuminate\\Http\\Request), Object(Closure))
#65 D:\\Software\\quallityassessoria\\quallityassessoria-api\\vendor\\laravel\\framework\\src\\Illuminate\\Routing\\Pipeline.php(53): Illuminate\\Pipeline\\Pipeline->Illuminate\\Pipeline\\{closure}(Object(Illuminate\\Http\\Request))
#66 D:\\Software\\quallityassessoria\\quallityassessoria-api\\vendor\\laravel\\framework\\src\\Illuminate\\Foundation\\Http\\Middleware\\CheckForMaintenanceMode.php(46): Illuminate\\Routing\\Pipeline->Illuminate\\Routing\\{closure}(Object(Illuminate\\Http\\Request))
#67 D:\\Software\\quallityassessoria\\quallityassessoria-api\\vendor\\laravel\\framework\\src\\Illuminate\\Pipeline\\Pipeline.php(149): Illuminate\\Foundation\\Http\\Middleware\\CheckForMaintenanceMode->handle(Object(Illuminate\\Http\\Request), Object(Closure))
#68 D:\\Software\\quallityassessoria\\quallityassessoria-api\\vendor\\laravel\\framework\\src\\Illuminate\\Routing\\Pipeline.php(53): Illuminate\\Pipeline\\Pipeline->Illuminate\\Pipeline\\{closure}(Object(Illuminate\\Http\\Request))
#69 D:\\Software\\quallityassessoria\\quallityassessoria-api\\vendor\\laravel\\framework\\src\\Illuminate\\Pipeline\\Pipeline.php(102): Illuminate\\Routing\\Pipeline->Illuminate\\Routing\\{closure}(Object(Illuminate\\Http\\Request))
#70 D:\\Software\\quallityassessoria\\quallityassessoria-api\\vendor\\laravel\\framework\\src\\Illuminate\\Foundation\\Http\\Kernel.php(151): Illuminate\\Pipeline\\Pipeline->then(Object(Closure))
#71 D:\\Software\\quallityassessoria\\quallityassessoria-api\\vendor\\laravel\\framework\\src\\Illuminate\\Foundation\\Http\\Kernel.php(116): Illuminate\\Foundation\\Http\\Kernel->sendRequestThroughRouter(Object(Illuminate\\Http\\Request))
#72 D:\\Software\\quallityassessoria\\quallityassessoria-api\\public\\index.php(55): Illuminate\\Foundation\\Http\\Kernel->handle(Object(Illuminate\\Http\\Request))
#73 D:\\Software\\quallityassessoria\\quallityassessoria-api\\server.php(21): require_once('D:\\\\Software\\\\qua...')
#74 {main}
"} 
[2021-04-08 08:20:23] local.ERROR: SQLSTATE[HY000] [1045] Access denied for user 'forge'@'localhost' (using password: NO) {"exception":"[object] (PDOException(code: 1045): SQLSTATE[HY000] [1045] Access denied for user 'forge'@'localhost' (using password: NO) at D:\\Software\\azcred\\azcred-api\\vendor\\laravel\\framework\\src\\Illuminate\\Database\\Connectors\\Connector.php:67)
[stacktrace]
#0 D:\\Software\\azcred\\azcred-api\\vendor\\laravel\\framework\\src\\Illuminate\\Database\\Connectors\\Connector.php(67): PDO->__construct('mysql:host=127....', 'forge', '', Array)
#1 D:\\Software\\azcred\\azcred-api\\vendor\\laravel\\framework\\src\\Illuminate\\Database\\Connectors\\Connector.php(43): Illuminate\\Database\\Connectors\\Connector->createPdoConnection('mysql:host=127....', 'forge', '', Array)
#2 D:\\Software\\azcred\\azcred-api\\vendor\\laravel\\framework\\src\\Illuminate\\Database\\Connectors\\MySqlConnector.php(24): Illuminate\\Database\\Connectors\\Connector->createConnection('mysql:host=127....', Array, Array)
#3 D:\\Software\\azcred\\azcred-api\\vendor\\laravel\\framework\\src\\Illuminate\\Database\\Connectors\\ConnectionFactory.php(183): Illuminate\\Database\\Connectors\\MySqlConnector->connect(Array)
#4 [internal function]: Illuminate\\Database\\Connectors\\ConnectionFactory->Illuminate\\Database\\Connectors\\{closure}()
#5 D:\\Software\\azcred\\azcred-api\\vendor\\laravel\\framework\\src\\Illuminate\\Database\\Connection.php(915): call_user_func(Object(Closure))
#6 D:\\Software\\azcred\\azcred-api\\vendor\\laravel\\framework\\src\\Illuminate\\Database\\Connection.php(940): Illuminate\\Database\\Connection->getPdo()
#7 D:\\Software\\azcred\\azcred-api\\vendor\\laravel\\framework\\src\\Illuminate\\Database\\Connection.php(399): Illuminate\\Database\\Connection->getReadPdo()
#8 D:\\Software\\azcred\\azcred-api\\vendor\\laravel\\framework\\src\\Illuminate\\Database\\Connection.php(325): Illuminate\\Database\\Connection->getPdoForSelect(true)
#9 D:\\Software\\azcred\\azcred-api\\vendor\\laravel\\framework\\src\\Illuminate\\Database\\Connection.php(657): Illuminate\\Database\\Connection->Illuminate\\Database\\{closure}('select * from `...', Array)
#10 D:\\Software\\azcred\\azcred-api\\vendor\\laravel\\framework\\src\\Illuminate\\Database\\Connection.php(624): Illuminate\\Database\\Connection->runQueryCallback('select * from `...', Array, Object(Closure))
#11 D:\\Software\\azcred\\azcred-api\\vendor\\laravel\\framework\\src\\Illuminate\\Database\\Connection.php(333): Illuminate\\Database\\Connection->run('select * from `...', Array, Object(Closure))
#12 D:\\Software\\azcred\\azcred-api\\vendor\\laravel\\framework\\src\\Illuminate\\Database\\Query\\Builder.php(1719): Illuminate\\Database\\Connection->select('select * from `...', Array, true)
#13 D:\\Software\\azcred\\azcred-api\\vendor\\laravel\\framework\\src\\Illuminate\\Database\\Query\\Builder.php(1704): Illuminate\\Database\\Query\\Builder->runSelect()
#14 D:\\Software\\azcred\\azcred-api\\vendor\\laravel\\framework\\src\\Illuminate\\Database\\Eloquent\\Builder.php(481): Illuminate\\Database\\Query\\Builder->get(Array)
#15 D:\\Software\\azcred\\azcred-api\\vendor\\laravel\\framework\\src\\Illuminate\\Database\\Eloquent\\Builder.php(465): Illuminate\\Database\\Eloquent\\Builder->getModels(Array)
#16 D:\\Software\\azcred\\azcred-api\\app\\Providers\\AuthServiceProvider.php(20): Illuminate\\Database\\Eloquent\\Builder->get()
#17 [internal function]: App\\Providers\\AuthServiceProvider->boot()
#18 D:\\Software\\azcred\\azcred-api\\vendor\\laravel\\framework\\src\\Illuminate\\Container\\BoundMethod.php(29): call_user_func_array(Array, Array)
#19 D:\\Software\\azcred\\azcred-api\\vendor\\laravel\\framework\\src\\Illuminate\\Container\\BoundMethod.php(87): Illuminate\\Container\\BoundMethod::Illuminate\\Container\\{closure}()
#20 D:\\Software\\azcred\\azcred-api\\vendor\\laravel\\framework\\src\\Illuminate\\Container\\BoundMethod.php(31): Illuminate\\Container\\BoundMethod::callBoundMethod(Object(Illuminate\\Foundation\\Application), Array, Object(Closure))
#21 D:\\Software\\azcred\\azcred-api\\vendor\\laravel\\framework\\src\\Illuminate\\Container\\Container.php(549): Illuminate\\Container\\BoundMethod::call(Object(Illuminate\\Foundation\\Application), Array, Array, NULL)
#22 D:\\Software\\azcred\\azcred-api\\vendor\\laravel\\framework\\src\\Illuminate\\Foundation\\Application.php(792): Illuminate\\Container\\Container->call(Array)
#23 D:\\Software\\azcred\\azcred-api\\vendor\\laravel\\framework\\src\\Illuminate\\Foundation\\Application.php(775): Illuminate\\Foundation\\Application->bootProvider(Object(App\\Providers\\AuthServiceProvider))
#24 [internal function]: Illuminate\\Foundation\\Application->Illuminate\\Foundation\\{closure}(Object(App\\Providers\\AuthServiceProvider), 24)
#25 D:\\Software\\azcred\\azcred-api\\vendor\\laravel\\framework\\src\\Illuminate\\Foundation\\Application.php(776): array_walk(Array, Object(Closure))
#26 D:\\Software\\azcred\\azcred-api\\vendor\\laravel\\framework\\src\\Illuminate\\Foundation\\Bootstrap\\BootProviders.php(17): Illuminate\\Foundation\\Application->boot()
#27 D:\\Software\\azcred\\azcred-api\\vendor\\laravel\\framework\\src\\Illuminate\\Foundation\\Application.php(213): Illuminate\\Foundation\\Bootstrap\\BootProviders->bootstrap(Object(Illuminate\\Foundation\\Application))
#28 D:\\Software\\azcred\\azcred-api\\vendor\\laravel\\framework\\src\\Illuminate\\Foundation\\Console\\Kernel.php(296): Illuminate\\Foundation\\Application->bootstrapWith(Array)
#29 D:\\Software\\azcred\\azcred-api\\vendor\\laravel\\framework\\src\\Illuminate\\Foundation\\Console\\Kernel.php(119): Illuminate\\Foundation\\Console\\Kernel->bootstrap()
#30 D:\\Software\\azcred\\azcred-api\\artisan(37): Illuminate\\Foundation\\Console\\Kernel->handle(Object(Symfony\\Component\\Console\\Input\\ArgvInput), Object(Symfony\\Component\\Console\\Output\\ConsoleOutput))
#31 {main}
"} 
[2021-04-08 08:20:23] local.ERROR: SQLSTATE[HY000] [1045] Access denied for user 'forge'@'localhost' (using password: NO) (SQL: select * from `permissoes`) {"exception":"[object] (Illuminate\\Database\\QueryException(code: 1045): SQLSTATE[HY000] [1045] Access denied for user 'forge'@'localhost' (using password: NO) (SQL: select * from `permissoes`) at D:\\Software\\azcred\\azcred-api\\vendor\\laravel\\framework\\src\\Illuminate\\Database\\Connection.php:664, PDOException(code: 1045): SQLSTATE[HY000] [1045] Access denied for user 'forge'@'localhost' (using password: NO) at D:\\Software\\azcred\\azcred-api\\vendor\\laravel\\framework\\src\\Illuminate\\Database\\Connectors\\Connector.php:67)
[stacktrace]
#0 D:\\Software\\azcred\\azcred-api\\vendor\\laravel\\framework\\src\\Illuminate\\Database\\Connection.php(624): Illuminate\\Database\\Connection->runQueryCallback('select * from `...', Array, Object(Closure))
#1 D:\\Software\\azcred\\azcred-api\\vendor\\laravel\\framework\\src\\Illuminate\\Database\\Connection.php(333): Illuminate\\Database\\Connection->run('select * from `...', Array, Object(Closure))
#2 D:\\Software\\azcred\\azcred-api\\vendor\\laravel\\framework\\src\\Illuminate\\Database\\Query\\Builder.php(1719): Illuminate\\Database\\Connection->select('select * from `...', Array, true)
#3 D:\\Software\\azcred\\azcred-api\\vendor\\laravel\\framework\\src\\Illuminate\\Database\\Query\\Builder.php(1704): Illuminate\\Database\\Query\\Builder->runSelect()
#4 D:\\Software\\azcred\\azcred-api\\vendor\\laravel\\framework\\src\\Illuminate\\Database\\Eloquent\\Builder.php(481): Illuminate\\Database\\Query\\Builder->get(Array)
#5 D:\\Software\\azcred\\azcred-api\\vendor\\laravel\\framework\\src\\Illuminate\\Database\\Eloquent\\Builder.php(465): Illuminate\\Database\\Eloquent\\Builder->getModels(Array)
#6 D:\\Software\\azcred\\azcred-api\\app\\Providers\\AuthServiceProvider.php(20): Illuminate\\Database\\Eloquent\\Builder->get()
#7 [internal function]: App\\Providers\\AuthServiceProvider->boot()
#8 D:\\Software\\azcred\\azcred-api\\vendor\\laravel\\framework\\src\\Illuminate\\Container\\BoundMethod.php(29): call_user_func_array(Array, Array)
#9 D:\\Software\\azcred\\azcred-api\\vendor\\laravel\\framework\\src\\Illuminate\\Container\\BoundMethod.php(87): Illuminate\\Container\\BoundMethod::Illuminate\\Container\\{closure}()
#10 D:\\Software\\azcred\\azcred-api\\vendor\\laravel\\framework\\src\\Illuminate\\Container\\BoundMethod.php(31): Illuminate\\Container\\BoundMethod::callBoundMethod(Object(Illuminate\\Foundation\\Application), Array, Object(Closure))
#11 D:\\Software\\azcred\\azcred-api\\vendor\\laravel\\framework\\src\\Illuminate\\Container\\Container.php(549): Illuminate\\Container\\BoundMethod::call(Object(Illuminate\\Foundation\\Application), Array, Array, NULL)
#12 D:\\Software\\azcred\\azcred-api\\vendor\\laravel\\framework\\src\\Illuminate\\Foundation\\Application.php(792): Illuminate\\Container\\Container->call(Array)
#13 D:\\Software\\azcred\\azcred-api\\vendor\\laravel\\framework\\src\\Illuminate\\Foundation\\Application.php(775): Illuminate\\Foundation\\Application->bootProvider(Object(App\\Providers\\AuthServiceProvider))
#14 [internal function]: Illuminate\\Foundation\\Application->Illuminate\\Foundation\\{closure}(Object(App\\Providers\\AuthServiceProvider), 24)
#15 D:\\Software\\azcred\\azcred-api\\vendor\\laravel\\framework\\src\\Illuminate\\Foundation\\Application.php(776): array_walk(Array, Object(Closure))
#16 D:\\Software\\azcred\\azcred-api\\vendor\\laravel\\framework\\src\\Illuminate\\Foundation\\Bootstrap\\BootProviders.php(17): Illuminate\\Foundation\\Application->boot()
#17 D:\\Software\\azcred\\azcred-api\\vendor\\laravel\\framework\\src\\Illuminate\\Foundation\\Application.php(213): Illuminate\\Foundation\\Bootstrap\\BootProviders->bootstrap(Object(Illuminate\\Foundation\\Application))
#18 D:\\Software\\azcred\\azcred-api\\vendor\\laravel\\framework\\src\\Illuminate\\Foundation\\Console\\Kernel.php(296): Illuminate\\Foundation\\Application->bootstrapWith(Array)
#19 D:\\Software\\azcred\\azcred-api\\vendor\\laravel\\framework\\src\\Illuminate\\Foundation\\Console\\Kernel.php(119): Illuminate\\Foundation\\Console\\Kernel->bootstrap()
#20 D:\\Software\\azcred\\azcred-api\\artisan(37): Illuminate\\Foundation\\Console\\Kernel->handle(Object(Symfony\\Component\\Console\\Input\\ArgvInput), Object(Symfony\\Component\\Console\\Output\\ConsoleOutput))
#21 {main}
"} 
